[0.294s] Invoking command in '/root/ros2_ws/src/py_pubsub': PYTHONPATH=/root/ros2_ws/build/py_pubsub/prefix_override:/usr/lib/python3/dist-packages/colcon_core/task/python/colcon_distutils_commands:/root/ros2_ws/install/py_pubsub/lib/python3.10/site-packages:${PYTHONPATH} /usr/bin/python3 -W ignore:setup.py install is deprecated -W ignore:easy_install command is deprecated setup.py egg_info --egg-base ../../build/py_pubsub build --build-base /root/ros2_ws/build/py_pubsub/build install --record /root/ros2_ws/build/py_pubsub/install.log --single-version-externally-managed install_data
[0.386s] running egg_info
[0.387s] creating ../../build/py_pubsub/py_pubsub.egg-info
[0.387s] writing ../../build/py_pubsub/py_pubsub.egg-info/PKG-INFO
[0.388s] writing dependency_links to ../../build/py_pubsub/py_pubsub.egg-info/dependency_links.txt
[0.389s] writing entry points to ../../build/py_pubsub/py_pubsub.egg-info/entry_points.txt
[0.390s] writing requirements to ../../build/py_pubsub/py_pubsub.egg-info/requires.txt
[0.390s] writing top-level names to ../../build/py_pubsub/py_pubsub.egg-info/top_level.txt
[0.391s] writing manifest file '../../build/py_pubsub/py_pubsub.egg-info/SOURCES.txt'
[0.392s] reading manifest file '../../build/py_pubsub/py_pubsub.egg-info/SOURCES.txt'
[0.394s] writing manifest file '../../build/py_pubsub/py_pubsub.egg-info/SOURCES.txt'
[0.394s] running build
[0.394s] running build_py
[0.395s] creating /root/ros2_ws/build/py_pubsub/build
[0.395s] creating /root/ros2_ws/build/py_pubsub/build/lib
[0.395s] creating /root/ros2_ws/build/py_pubsub/build/lib/py_pubsub
[0.395s] copying py_pubsub/__init__.py -> /root/ros2_ws/build/py_pubsub/build/lib/py_pubsub
[0.396s] copying py_pubsub/publisher_member_function.py -> /root/ros2_ws/build/py_pubsub/build/lib/py_pubsub
[0.396s] copying py_pubsub/subscriber_member_function.py -> /root/ros2_ws/build/py_pubsub/build/lib/py_pubsub
[0.397s] running install
[0.398s] running install_lib
[0.398s] creating /root/ros2_ws/install/py_pubsub/lib/python3.10/site-packages/py_pubsub
[0.398s] copying /root/ros2_ws/build/py_pubsub/build/lib/py_pubsub/__init__.py -> /root/ros2_ws/install/py_pubsub/lib/python3.10/site-packages/py_pubsub
[0.399s] copying /root/ros2_ws/build/py_pubsub/build/lib/py_pubsub/publisher_member_function.py -> /root/ros2_ws/install/py_pubsub/lib/python3.10/site-packages/py_pubsub
[0.400s] copying /root/ros2_ws/build/py_pubsub/build/lib/py_pubsub/subscriber_member_function.py -> /root/ros2_ws/install/py_pubsub/lib/python3.10/site-packages/py_pubsub
[0.401s] byte-compiling /root/ros2_ws/install/py_pubsub/lib/python3.10/site-packages/py_pubsub/__init__.py to __init__.cpython-310.pyc
[0.402s] byte-compiling /root/ros2_ws/install/py_pubsub/lib/python3.10/site-packages/py_pubsub/publisher_member_function.py to publisher_member_function.cpython-310.pyc
[0.402s] byte-compiling /root/ros2_ws/install/py_pubsub/lib/python3.10/site-packages/py_pubsub/subscriber_member_function.py to subscriber_member_function.cpython-310.pyc
[0.403s] running install_data
[0.404s] creating /root/ros2_ws/install/py_pubsub/share/ament_index
[0.404s] creating /root/ros2_ws/install/py_pubsub/share/ament_index/resource_index
[0.404s] creating /root/ros2_ws/install/py_pubsub/share/ament_index/resource_index/packages
[0.404s] copying resource/py_pubsub -> /root/ros2_ws/install/py_pubsub/share/ament_index/resource_index/packages
[0.405s] copying package.xml -> /root/ros2_ws/install/py_pubsub/share/py_pubsub
[0.405s] creating /root/ros2_ws/install/py_pubsub/share/py_pubsub/launch
[0.406s] copying launch/pubsub_launch.py -> /root/ros2_ws/install/py_pubsub/share/py_pubsub/launch
[0.407s] running install_egg_info
[0.408s] Copying ../../build/py_pubsub/py_pubsub.egg-info to /root/ros2_ws/install/py_pubsub/lib/python3.10/site-packages/py_pubsub-0.0.0-py3.10.egg-info
[0.413s] running install_scripts
[0.425s] Installing publisher script to /root/ros2_ws/install/py_pubsub/bin
[0.425s] Installing subscriber script to /root/ros2_ws/install/py_pubsub/bin
[0.426s] writing list of installed files to '/root/ros2_ws/build/py_pubsub/install.log'
[0.441s] Invoked command in '/root/ros2_ws/src/py_pubsub' returned '0': PYTHONPATH=/root/ros2_ws/build/py_pubsub/prefix_override:/usr/lib/python3/dist-packages/colcon_core/task/python/colcon_distutils_commands:/root/ros2_ws/install/py_pubsub/lib/python3.10/site-packages:${PYTHONPATH} /usr/bin/python3 -W ignore:setup.py install is deprecated -W ignore:easy_install command is deprecated setup.py egg_info --egg-base ../../build/py_pubsub build --build-base /root/ros2_ws/build/py_pubsub/build install --record /root/ros2_ws/build/py_pubsub/install.log --single-version-externally-managed install_data
