[0.289s] Invoking command in '/root/ros2_ws/src/py_pubsub': PYTHONPATH=/root/ros2_ws/build/py_pubsub/prefix_override:/usr/lib/python3/dist-packages/colcon_core/task/python/colcon_distutils_commands:/root/ros2_ws/install/py_pubsub/lib/python3.10/site-packages:${PYTHONPATH} /usr/bin/python3 -W ignore:setup.py install is deprecated -W ignore:easy_install command is deprecated setup.py egg_info --egg-base ../../build/py_pubsub build --build-base /root/ros2_ws/build/py_pubsub/build install --record /root/ros2_ws/build/py_pubsub/install.log --single-version-externally-managed install_data
[0.380s] running egg_info
[0.380s] writing ../../build/py_pubsub/py_pubsub.egg-info/PKG-INFO
[0.381s] writing dependency_links to ../../build/py_pubsub/py_pubsub.egg-info/dependency_links.txt
[0.381s] writing entry points to ../../build/py_pubsub/py_pubsub.egg-info/entry_points.txt
[0.382s] writing requirements to ../../build/py_pubsub/py_pubsub.egg-info/requires.txt
[0.382s] writing top-level names to ../../build/py_pubsub/py_pubsub.egg-info/top_level.txt
[0.385s] reading manifest file '../../build/py_pubsub/py_pubsub.egg-info/SOURCES.txt'
[0.386s] writing manifest file '../../build/py_pubsub/py_pubsub.egg-info/SOURCES.txt'
[0.386s] running build
[0.387s] running build_py
[0.387s] copying py_pubsub/publisher_member_function.py -> /root/ros2_ws/build/py_pubsub/build/lib/py_pubsub
[0.388s] copying py_pubsub/subscriber_member_function.py -> /root/ros2_ws/build/py_pubsub/build/lib/py_pubsub
[0.389s] running install
[0.389s] running install_lib
[0.390s] copying /root/ros2_ws/build/py_pubsub/build/lib/py_pubsub/publisher_member_function.py -> /root/ros2_ws/install/py_pubsub/lib/python3.10/site-packages/py_pubsub
[0.391s] copying /root/ros2_ws/build/py_pubsub/build/lib/py_pubsub/subscriber_member_function.py -> /root/ros2_ws/install/py_pubsub/lib/python3.10/site-packages/py_pubsub
[0.393s] byte-compiling /root/ros2_ws/install/py_pubsub/lib/python3.10/site-packages/py_pubsub/publisher_member_function.py to publisher_member_function.cpython-310.pyc
[0.394s] byte-compiling /root/ros2_ws/install/py_pubsub/lib/python3.10/site-packages/py_pubsub/subscriber_member_function.py to subscriber_member_function.cpython-310.pyc
[0.394s] running install_data
[0.396s] copying launch/pubsub_launch.py -> /root/ros2_ws/install/py_pubsub/share/py_pubsub/launch
[0.397s] creating /root/ros2_ws/install/py_pubsub/share/py_pubsub/config
[0.397s] copying config/params.yaml -> /root/ros2_ws/install/py_pubsub/share/py_pubsub/config
[0.399s] running install_egg_info
[0.399s] removing '/root/ros2_ws/install/py_pubsub/lib/python3.10/site-packages/py_pubsub-0.0.0-py3.10.egg-info' (and everything under it)
[0.400s] Copying ../../build/py_pubsub/py_pubsub.egg-info to /root/ros2_ws/install/py_pubsub/lib/python3.10/site-packages/py_pubsub-0.0.0-py3.10.egg-info
[0.409s] running install_scripts
[0.419s] Installing publisher script to /root/ros2_ws/install/py_pubsub/bin
[0.420s] Installing subscriber script to /root/ros2_ws/install/py_pubsub/bin
[0.422s] writing list of installed files to '/root/ros2_ws/build/py_pubsub/install.log'
[0.434s] Invoked command in '/root/ros2_ws/src/py_pubsub' returned '0': PYTHONPATH=/root/ros2_ws/build/py_pubsub/prefix_override:/usr/lib/python3/dist-packages/colcon_core/task/python/colcon_distutils_commands:/root/ros2_ws/install/py_pubsub/lib/python3.10/site-packages:${PYTHONPATH} /usr/bin/python3 -W ignore:setup.py install is deprecated -W ignore:easy_install command is deprecated setup.py egg_info --egg-base ../../build/py_pubsub build --build-base /root/ros2_ws/build/py_pubsub/build install --record /root/ros2_ws/build/py_pubsub/install.log --single-version-externally-managed install_data
