[0.284s] Invoking command in '/root/ros2bot_ws/src/py_pubsub': PYTHONPATH=/root/ros2bot_ws/build/py_pubsub/prefix_override:/usr/lib/python3/dist-packages/colcon_core/task/python/colcon_distutils_commands:/root/ros2bot_ws/install/py_pubsub/lib/python3.10/site-packages:${PYTHONPATH} /usr/bin/python3 -W ignore:setup.py install is deprecated -W ignore:easy_install command is deprecated setup.py egg_info --egg-base ../../build/py_pubsub build --build-base /root/ros2bot_ws/build/py_pubsub/build install --record /root/ros2bot_ws/build/py_pubsub/install.log --single-version-externally-managed install_data
[0.373s] running egg_info
[0.374s] writing ../../build/py_pubsub/py_pubsub.egg-info/PKG-INFO
[0.375s] writing dependency_links to ../../build/py_pubsub/py_pubsub.egg-info/dependency_links.txt
[0.376s] writing entry points to ../../build/py_pubsub/py_pubsub.egg-info/entry_points.txt
[0.376s] writing requirements to ../../build/py_pubsub/py_pubsub.egg-info/requires.txt
[0.376s] writing top-level names to ../../build/py_pubsub/py_pubsub.egg-info/top_level.txt
[0.379s] reading manifest file '../../build/py_pubsub/py_pubsub.egg-info/SOURCES.txt'
[0.380s] writing manifest file '../../build/py_pubsub/py_pubsub.egg-info/SOURCES.txt'
[0.381s] running build
[0.381s] running build_py
[0.382s] running install
[0.382s] running install_lib
[0.384s] running install_data
[0.384s] creating /root/ros2bot_ws/install/py_pubsub/share/ament_index
[0.384s] creating /root/ros2bot_ws/install/py_pubsub/share/ament_index/resource_index
[0.385s] creating /root/ros2bot_ws/install/py_pubsub/share/ament_index/resource_index/packages
[0.385s] copying resource/py_pubsub -> /root/ros2bot_ws/install/py_pubsub/share/ament_index/resource_index/packages
[0.386s] copying package.xml -> /root/ros2bot_ws/install/py_pubsub/share/py_pubsub
[0.387s] copying launch/pubsub_launch.py -> /root/ros2bot_ws/install/py_pubsub/share/py_pubsub/launch
[0.387s] creating /root/ros2bot_ws/install/py_pubsub/share/py_pubsub/config
[0.388s] copying config/params.yaml -> /root/ros2bot_ws/install/py_pubsub/share/py_pubsub/config
[0.389s] running install_egg_info
[0.390s] removing '/root/ros2bot_ws/install/py_pubsub/lib/python3.10/site-packages/py_pubsub-0.0.0-py3.10.egg-info' (and everything under it)
[0.391s] Copying ../../build/py_pubsub/py_pubsub.egg-info to /root/ros2bot_ws/install/py_pubsub/lib/python3.10/site-packages/py_pubsub-0.0.0-py3.10.egg-info
[0.398s] running install_scripts
[0.411s] Installing publisher script to /root/ros2bot_ws/install/py_pubsub/bin
[0.412s] Installing subscriber script to /root/ros2bot_ws/install/py_pubsub/bin
[0.413s] writing list of installed files to '/root/ros2bot_ws/build/py_pubsub/install.log'
[0.428s] Invoked command in '/root/ros2bot_ws/src/py_pubsub' returned '0': PYTHONPATH=/root/ros2bot_ws/build/py_pubsub/prefix_override:/usr/lib/python3/dist-packages/colcon_core/task/python/colcon_distutils_commands:/root/ros2bot_ws/install/py_pubsub/lib/python3.10/site-packages:${PYTHONPATH} /usr/bin/python3 -W ignore:setup.py install is deprecated -W ignore:easy_install command is deprecated setup.py egg_info --egg-base ../../build/py_pubsub build --build-base /root/ros2bot_ws/build/py_pubsub/build install --record /root/ros2bot_ws/build/py_pubsub/install.log --single-version-externally-managed install_data
