[0.254s] Invoking command in '/root/ros2_ws/src/py_pubsub': PYTHONPATH=/root/ros2_ws/build/py_pubsub/prefix_override:/usr/lib/python3/dist-packages/colcon_core/task/python/colcon_distutils_commands:/root/ros2_ws/install/py_pubsub/lib/python3.10/site-packages:${PYTHONPATH} /usr/bin/python3 -W ignore:setup.py install is deprecated -W ignore:easy_install command is deprecated setup.py egg_info --egg-base ../../build/py_pubsub build --build-base /root/ros2_ws/build/py_pubsub/build install --record /root/ros2_ws/build/py_pubsub/install.log --single-version-externally-managed install_data
[0.353s] running egg_info
[0.354s] writing ../../build/py_pubsub/py_pubsub.egg-info/PKG-INFO
[0.354s] writing dependency_links to ../../build/py_pubsub/py_pubsub.egg-info/dependency_links.txt
[0.355s] writing entry points to ../../build/py_pubsub/py_pubsub.egg-info/entry_points.txt
[0.355s] writing requirements to ../../build/py_pubsub/py_pubsub.egg-info/requires.txt
[0.355s] writing top-level names to ../../build/py_pubsub/py_pubsub.egg-info/top_level.txt
[0.357s] reading manifest file '../../build/py_pubsub/py_pubsub.egg-info/SOURCES.txt'
[0.358s] writing manifest file '../../build/py_pubsub/py_pubsub.egg-info/SOURCES.txt'
[0.358s] running build
[0.358s] running build_py
[0.359s] running install
[0.360s] running install_lib
[0.360s] running install_data
[0.360s] copying launch/pubsub_launch.py -> /root/ros2_ws/install/py_pubsub/share/py_pubsub/launch
[0.362s] running install_egg_info
[0.362s] removing '/root/ros2_ws/install/py_pubsub/lib/python3.10/site-packages/py_pubsub-0.0.0-py3.10.egg-info' (and everything under it)
[0.364s] Copying ../../build/py_pubsub/py_pubsub.egg-info to /root/ros2_ws/install/py_pubsub/lib/python3.10/site-packages/py_pubsub-0.0.0-py3.10.egg-info
[0.370s] running install_scripts
[0.382s] Installing publisher script to /root/ros2_ws/install/py_pubsub/bin
[0.382s] Installing subscriber script to /root/ros2_ws/install/py_pubsub/bin
[0.384s] writing list of installed files to '/root/ros2_ws/build/py_pubsub/install.log'
[0.396s] Invoked command in '/root/ros2_ws/src/py_pubsub' returned '0': PYTHONPATH=/root/ros2_ws/build/py_pubsub/prefix_override:/usr/lib/python3/dist-packages/colcon_core/task/python/colcon_distutils_commands:/root/ros2_ws/install/py_pubsub/lib/python3.10/site-packages:${PYTHONPATH} /usr/bin/python3 -W ignore:setup.py install is deprecated -W ignore:easy_install command is deprecated setup.py egg_info --egg-base ../../build/py_pubsub build --build-base /root/ros2_ws/build/py_pubsub/build install --record /root/ros2_ws/build/py_pubsub/install.log --single-version-externally-managed install_data
