[0.296s] Invoking command in '/root/ros2_ws/src/py_pubsub': PYTHONPATH=/root/ros2_ws/build/py_pubsub/prefix_override:/usr/lib/python3/dist-packages/colcon_core/task/python/colcon_distutils_commands:/root/ros2_ws/install/py_pubsub/lib/python3.10/site-packages:${PYTHONPATH} /usr/bin/python3 -W ignore:setup.py install is deprecated -W ignore:easy_install command is deprecated setup.py egg_info --egg-base ../../build/py_pubsub build --build-base /root/ros2_ws/build/py_pubsub/build install --record /root/ros2_ws/build/py_pubsub/install.log --single-version-externally-managed install_data
[0.402s] running egg_info
[0.403s] writing ../../build/py_pubsub/py_pubsub.egg-info/PKG-INFO
[0.403s] writing dependency_links to ../../build/py_pubsub/py_pubsub.egg-info/dependency_links.txt
[0.404s] writing entry points to ../../build/py_pubsub/py_pubsub.egg-info/entry_points.txt
[0.405s] writing requirements to ../../build/py_pubsub/py_pubsub.egg-info/requires.txt
[0.405s] writing top-level names to ../../build/py_pubsub/py_pubsub.egg-info/top_level.txt
[0.408s] reading manifest file '../../build/py_pubsub/py_pubsub.egg-info/SOURCES.txt'
[0.409s] writing manifest file '../../build/py_pubsub/py_pubsub.egg-info/SOURCES.txt'
[0.409s] running build
[0.409s] running build_py
[0.410s] running install
[0.410s] running install_lib
[0.413s] running install_data
[0.414s] copying config/params.yaml -> /root/ros2_ws/install/py_pubsub/share/py_pubsub/config
[0.415s] running install_egg_info
[0.416s] removing '/root/ros2_ws/install/py_pubsub/lib/python3.10/site-packages/py_pubsub-0.0.0-py3.10.egg-info' (and everything under it)
[0.418s] Copying ../../build/py_pubsub/py_pubsub.egg-info to /root/ros2_ws/install/py_pubsub/lib/python3.10/site-packages/py_pubsub-0.0.0-py3.10.egg-info
[0.425s] running install_scripts
[0.437s] Installing publisher script to /root/ros2_ws/install/py_pubsub/bin
[0.438s] Installing subscriber script to /root/ros2_ws/install/py_pubsub/bin
[0.440s] writing list of installed files to '/root/ros2_ws/build/py_pubsub/install.log'
[0.452s] Invoked command in '/root/ros2_ws/src/py_pubsub' returned '0': PYTHONPATH=/root/ros2_ws/build/py_pubsub/prefix_override:/usr/lib/python3/dist-packages/colcon_core/task/python/colcon_distutils_commands:/root/ros2_ws/install/py_pubsub/lib/python3.10/site-packages:${PYTHONPATH} /usr/bin/python3 -W ignore:setup.py install is deprecated -W ignore:easy_install command is deprecated setup.py egg_info --egg-base ../../build/py_pubsub build --build-base /root/ros2_ws/build/py_pubsub/build install --record /root/ros2_ws/build/py_pubsub/install.log --single-version-externally-managed install_data
