[0.273s] Invoking command in '/root/ros2_ws/src/py_pubsub': PYTHONPATH=/root/ros2_ws/build/py_pubsub/prefix_override:/usr/lib/python3/dist-packages/colcon_core/task/python/colcon_distutils_commands:/root/ros2_ws/install/py_pubsub/lib/python3.10/site-packages:${PYTHONPATH} /usr/bin/python3 -W ignore:setup.py install is deprecated -W ignore:easy_install command is deprecated setup.py egg_info --egg-base ../../build/py_pubsub build --build-base /root/ros2_ws/build/py_pubsub/build install --record /root/ros2_ws/build/py_pubsub/install.log --single-version-externally-managed install_data
[0.370s] running egg_info
[0.370s] writing ../../build/py_pubsub/py_pubsub.egg-info/PKG-INFO
[0.371s] writing dependency_links to ../../build/py_pubsub/py_pubsub.egg-info/dependency_links.txt
[0.371s] writing entry points to ../../build/py_pubsub/py_pubsub.egg-info/entry_points.txt
[0.371s] writing requirements to ../../build/py_pubsub/py_pubsub.egg-info/requires.txt
[0.372s] writing top-level names to ../../build/py_pubsub/py_pubsub.egg-info/top_level.txt
[0.374s] reading manifest file '../../build/py_pubsub/py_pubsub.egg-info/SOURCES.txt'
[0.375s] writing manifest file '../../build/py_pubsub/py_pubsub.egg-info/SOURCES.txt'
[0.375s] running build
[0.375s] running build_py
[0.376s] copying py_pubsub/publisher_member_function.py -> /root/ros2_ws/build/py_pubsub/build/lib/py_pubsub
[0.376s] copying py_pubsub/subscriber_member_function.py -> /root/ros2_ws/build/py_pubsub/build/lib/py_pubsub
[0.377s] running install
[0.378s] running install_lib
[0.378s] copying /root/ros2_ws/build/py_pubsub/build/lib/py_pubsub/publisher_member_function.py -> /root/ros2_ws/install/py_pubsub/lib/python3.10/site-packages/py_pubsub
[0.379s] copying /root/ros2_ws/build/py_pubsub/build/lib/py_pubsub/subscriber_member_function.py -> /root/ros2_ws/install/py_pubsub/lib/python3.10/site-packages/py_pubsub
[0.381s] byte-compiling /root/ros2_ws/install/py_pubsub/lib/python3.10/site-packages/py_pubsub/publisher_member_function.py to publisher_member_function.cpython-310.pyc
[0.382s] byte-compiling /root/ros2_ws/install/py_pubsub/lib/python3.10/site-packages/py_pubsub/subscriber_member_function.py to subscriber_member_function.cpython-310.pyc
[0.383s] running install_data
[0.385s] running install_egg_info
[0.385s] removing '/root/ros2_ws/install/py_pubsub/lib/python3.10/site-packages/py_pubsub-0.0.0-py3.10.egg-info' (and everything under it)
[0.386s] Copying ../../build/py_pubsub/py_pubsub.egg-info to /root/ros2_ws/install/py_pubsub/lib/python3.10/site-packages/py_pubsub-0.0.0-py3.10.egg-info
[0.396s] running install_scripts
[0.408s] Installing publisher script to /root/ros2_ws/install/py_pubsub/bin
[0.409s] Installing subscriber script to /root/ros2_ws/install/py_pubsub/bin
[0.412s] writing list of installed files to '/root/ros2_ws/build/py_pubsub/install.log'
[0.423s] Invoked command in '/root/ros2_ws/src/py_pubsub' returned '0': PYTHONPATH=/root/ros2_ws/build/py_pubsub/prefix_override:/usr/lib/python3/dist-packages/colcon_core/task/python/colcon_distutils_commands:/root/ros2_ws/install/py_pubsub/lib/python3.10/site-packages:${PYTHONPATH} /usr/bin/python3 -W ignore:setup.py install is deprecated -W ignore:easy_install command is deprecated setup.py egg_info --egg-base ../../build/py_pubsub build --build-base /root/ros2_ws/build/py_pubsub/build install --record /root/ros2_ws/build/py_pubsub/install.log --single-version-externally-managed install_data
